<?xml version="1.0" encoding="UTF-8"?>
<!-- Generated by org.testng.reporters.JUnitReportReporter -->
<testsuite hostname="DESKTOP-95BQ4HS" failures="0" tests="6" name="com.acvissnewdashboardtestcase.LoginPageTest" time="24.057" errors="0" timestamp="2024-08-08T14:39:07 IST" skipped="0">
  <testcase classname="com.acvissnewdashboardtestcase.LoginPageTest" name="loginPageTitleTest" time="3.227"/>
  <system-out/>
  <testcase classname="com.acvissnewdashboardtestcase.LoginPageTest" name="acvissLogoTest" time="6.128"/>
  <system-out/>
  <testcase classname="com.acvissnewdashboardtestcase.LoginPageTest" name="logintest" time="3.345"/>
  <system-out/>
  <testcase classname="com.acvissnewdashboardtestcase.LoginPageTest" name="emptyValidationForUsernameTest" time="3.163"/>
  <system-out/>
  <testcase classname="com.acvissnewdashboardtestcase.LoginPageTest" name="emptyValidationForPasswordTest" time="3.545"/>
  <system-out/>
  <testcase classname="com.acvissnewdashboardtestcase.LoginPageTest" name="incorrectUsernameAndPasswordTest" time="4.649"/>
  <system-out/>
</testsuite> <!-- com.acvissnewdashboardtestcase.LoginPageTest -->
