<?xml version="1.0" encoding="UTF-8"?>
<!-- Generated by org.testng.reporters.JUnitReportReporter -->
<testsuite hostname="DESKTOP-95BQ4HS" failures="0" tests="10" name="com.acvissnewdashboardtestcase.HomePageTestcases" time="1.206" errors="0" timestamp="2024-08-08T14:39:07 IST" skipped="0">
  <testcase classname="com.acvissnewdashboardtestcase.HomePageTestcases" name="homePageTitleTest" time="0.010"/>
  <system-out/>
  <testcase classname="com.acvissnewdashboardtestcase.HomePageTestcases" name="verifyAcvissLogo" time="0.027"/>
  <system-out/>
  <testcase classname="com.acvissnewdashboardtestcase.HomePageTestcases" name="userDetails" time="0.027"/>
  <system-out/>
  <testcase classname="com.acvissnewdashboardtestcase.HomePageTestcases" name="verifyCustomerManagementTest" time="0.452"/>
  <system-out/>
  <testcase classname="com.acvissnewdashboardtestcase.HomePageTestcases" name="verifyCodeManagementTest" time="0.068"/>
  <system-out/>
  <testcase classname="com.acvissnewdashboardtestcase.HomePageTestcases" name="verifyProductManagement" time="0.069"/>
  <system-out/>
  <testcase classname="com.acvissnewdashboardtestcase.HomePageTestcases" name="verifyUserManagement" time="0.168"/>
  <system-out/>
  <testcase classname="com.acvissnewdashboardtestcase.HomePageTestcases" name="verifyVariableData" time="0.063"/>
  <system-out/>
  <testcase classname="com.acvissnewdashboardtestcase.HomePageTestcases" name="verifyLoyaltySystem" time="0.118"/>
  <system-out/>
  <testcase classname="com.acvissnewdashboardtestcase.HomePageTestcases" name="verifyLicenceManagement" time="0.204"/>
  <system-out/>
</testsuite> <!-- com.acvissnewdashboardtestcase.HomePageTestcases -->
