<?xml version="1.0" encoding="UTF-8"?>
<!-- Generated by org.testng.reporters.JUnitReportReporter -->
<testsuite hostname="DESKTOP-AGOQQT3" failures="0" tests="6" name="com.acvissnewdashboardtestcase.LoginPageTest" time="27.334" errors="0" timestamp="2024-08-08T14:08:01 IST" skipped="0">
  <testcase classname="com.acvissnewdashboardtestcase.LoginPageTest" name="loginPageTitleTest" time="5.586"/>
  <system-out/>
  <testcase classname="com.acvissnewdashboardtestcase.LoginPageTest" name="acvissLogoTest" time="5.728"/>
  <system-out/>
  <testcase classname="com.acvissnewdashboardtestcase.LoginPageTest" name="logintest" time="2.924"/>
  <system-out/>
  <testcase classname="com.acvissnewdashboardtestcase.LoginPageTest" name="emptyValidationForUsernameTest" time="6.144"/>
  <system-out/>
  <testcase classname="com.acvissnewdashboardtestcase.LoginPageTest" name="emptyValidationForPasswordTest" time="3.579"/>
  <system-out/>
  <testcase classname="com.acvissnewdashboardtestcase.LoginPageTest" name="incorrectUsernameAndPasswordTest" time="3.373"/>
  <system-out/>
</testsuite> <!-- com.acvissnewdashboardtestcase.LoginPageTest -->
